# JRE version: OpenJDK Runtime Environment Zulu17.44+15-CA (17.0.8+7) (build 17.0.8+7-LTS)
# Java VM: OpenJDK 64-Bit Server VM Zulu17.44+15-CA (17.0.8+7-LTS, mixed mode, sharing, tiered, compressed oops, compressed class ptrs, g1 gc, windows-amd64)
GC Precious Log:
 CPUs: 8 total, 8 available
 Memory: 8056M
 Large Page Support: Disabled
 NUMA Support: Disabled
 Compressed Oops: Enabled (32-bit)
 Heap Region Size: 1M
 Heap Min Capacity: 8M
 Heap Initial Capacity: 126M
 Heap Max Capacity: 2016M
 Pre-touch: Disabled
 Parallel Workers: 8
 Concurrent Workers: 2
 Concurrent Refinement Workers: 8
 Periodic GC: Disabled
Heap:
 garbage-first heap   total 65536K, used 42705K [0x0000000082000000, 0x0000000100000000)
  region size 1024K, 13 young (13312K), 3 survivors (3072K)
 Metaspace       used 68763K, committed 69312K, reserved 1114112K
  class space    used 9664K, committed 9920K, reserved 1048576K
GC Heap History (20 events):
Event: 8.105 GC heap before
{Heap before GC invocations=13 (full 0):
 garbage-first heap   total 51200K, used 40670K [0x0000000082000000, 0x0000000100000000)
  region size 1024K, 20 young (20480K), 3 survivors (3072K)
 Metaspace       used 53692K, committed 54208K, reserved 1114112K
  class space    used 7306K, committed 7552K, reserved 1048576K
}
Event: 8.108 GC heap after
{Heap after GC invocations=14 (full 0):
 garbage-first heap   total 51200K, used 23792K [0x0000000082000000, 0x0000000100000000)
  region size 1024K, 2 young (2048K), 2 survivors (2048K)
 Metaspace       used 53692K, committed 54208K, reserved 1114112K
  class space    used 7306K, committed 7552K, reserved 1048576K
}
Event: 8.633 GC heap before
{Heap before GC invocations=14 (full 0):
 garbage-first heap   total 51200K, used 40176K [0x0000000082000000, 0x0000000100000000)
  region size 1024K, 19 young (19456K), 2 survivors (2048K)
 Metaspace       used 57635K, committed 58176K, reserved 1114112K
  class space    used 7917K, committed 8192K, reserved 1048576K
}
Event: 8.636 GC heap after
{Heap after GC invocations=15 (full 0):
 garbage-first heap   total 51200K, used 25060K [0x0000000082000000, 0x0000000100000000)
  region size 1024K, 3 young (3072K), 3 survivors (3072K)
 Metaspace       used 57635K, committed 58176K, reserved 1114112K
  class space    used 7917K, committed 8192K, reserved 1048576K
}
Event: 9.253 GC heap before
{Heap before GC invocations=15 (full 0):
 garbage-first heap   total 51200K, used 36324K [0x0000000082000000, 0x0000000100000000)
  region size 1024K, 15 young (15360K), 3 survivors (3072K)
 Metaspace       used 59862K, committed 60416K, reserved 1114112K
  class space    used 8192K, committed 8448K, reserved 1048576K
}
Event: 9.257 GC heap after
{Heap after GC invocations=16 (full 0):
 garbage-first heap   total 51200K, used 26235K [0x0000000082000000, 0x0000000100000000)
  region size 1024K, 3 young (3072K), 3 survivors (3072K)
 Metaspace       used 59862K, committed 60416K, reserved 1114112K
  class space    used 8192K, committed 8448K, reserved 1048576K
}
Event: 9.539 GC heap before
{Heap before GC invocations=17 (full 0):
 garbage-first heap   total 51200K, used 41595K [0x0000000082000000, 0x0000000100000000)
  region size 1024K, 18 young (18432K), 3 survivors (3072K)
 Metaspace       used 60945K, committed 61568K, reserved 1114112K
  class space    used 8426K, committed 8704K, reserved 1048576K
}
Event: 9.542 GC heap after
{Heap after GC invocations=18 (full 0):
 garbage-first heap   total 51200K, used 26910K [0x0000000082000000, 0x0000000100000000)
  region size 1024K, 2 young (2048K), 2 survivors (2048K)
 Metaspace       used 60945K, committed 61568K, reserved 1114112K
  class space    used 8426K, committed 8704K, reserved 1048576K
}
Event: 9.736 GC heap before
{Heap before GC invocations=18 (full 0):
 garbage-first heap   total 51200K, used 41246K [0x0000000082000000, 0x0000000100000000)
  region size 1024K, 17 young (17408K), 2 survivors (2048K)
 Metaspace       used 62521K, committed 63040K, reserved 1114112K
  class space    used 8733K, committed 8960K, reserved 1048576K
}
Event: 9.739 GC heap after
{Heap after GC invocations=19 (full 0):
 garbage-first heap   total 51200K, used 27783K [0x0000000082000000, 0x0000000100000000)
  region size 1024K, 2 young (2048K), 2 survivors (2048K)
 Metaspace       used 62521K, committed 63040K, reserved 1114112K
  class space    used 8733K, committed 8960K, reserved 1048576K
}
Event: 9.999 GC heap before
{Heap before GC invocations=20 (full 0):
 garbage-first heap   total 51200K, used 41095K [0x0000000082000000, 0x0000000100000000)
  region size 1024K, 16 young (16384K), 2 survivors (2048K)
 Metaspace       used 64254K, committed 64832K, reserved 1114112K
  class space    used 9076K, committed 9344K, reserved 1048576K
}
Event: 10.001 GC heap after
{Heap after GC invocations=21 (full 0):
 garbage-first heap   total 51200K, used 28918K [0x0000000082000000, 0x0000000100000000)
  region size 1024K, 2 young (2048K), 2 survivors (2048K)
 Metaspace       used 64254K, committed 64832K, reserved 1114112K
  class space    used 9076K, committed 9344K, reserved 1048576K
}
Event: 10.144 GC heap before
{Heap before GC invocations=21 (full 0):
 garbage-first heap   total 51200K, used 42230K [0x0000000082000000, 0x0000000100000000)
  region size 1024K, 15 young (15360K), 2 survivors (2048K)
 Metaspace       used 65562K, committed 66112K, reserved 1114112K
  class space    used 9250K, committed 9536K, reserved 1048576K
}
Event: 10.149 GC heap after
{Heap after GC invocations=22 (full 0):
 garbage-first heap   total 51200K, used 29953K [0x0000000082000000, 0x0000000100000000)
  region size 1024K, 2 young (2048K), 2 survivors (2048K)
 Metaspace       used 65562K, committed 66112K, reserved 1114112K
  class space    used 9250K, committed 9536K, reserved 1048576K
}
Event: 10.233 GC heap before
{Heap before GC invocations=23 (full 0):
 garbage-first heap   total 65536K, used 41217K [0x0000000082000000, 0x0000000100000000)
  region size 1024K, 13 young (13312K), 2 survivors (2048K)
 Metaspace       used 65591K, committed 66176K, reserved 1114112K
  class space    used 9250K, committed 9536K, reserved 1048576K
}
Event: 10.235 GC heap after
{Heap after GC invocations=24 (full 0):
 garbage-first heap   total 65536K, used 31241K [0x0000000082000000, 0x0000000100000000)
  region size 1024K, 2 young (2048K), 2 survivors (2048K)
 Metaspace       used 65591K, committed 66176K, reserved 1114112K
  class space    used 9250K, committed 9536K, reserved 1048576K
}
Event: 10.461 GC heap before
{Heap before GC invocations=24 (full 0):
 garbage-first heap   total 65536K, used 52745K [0x0000000082000000, 0x0000000100000000)
  region size 1024K, 23 young (23552K), 2 survivors (2048K)
 Metaspace       used 65879K, committed 66496K, reserved 1114112K
  class space    used 9271K, committed 9536K, reserved 1048576K
}
Event: 10.464 GC heap after
{Heap after GC invocations=25 (full 0):
 garbage-first heap   total 65536K, used 31837K [0x0000000082000000, 0x0000000100000000)
  region size 1024K, 1 young (1024K), 1 survivors (1024K)
 Metaspace       used 65879K, committed 66496K, reserved 1114112K
  class space    used 9271K, committed 9536K, reserved 1048576K
}
Event: 10.842 GC heap before
{Heap before GC invocations=26 (full 0):
 garbage-first heap   total 65536K, used 52317K [0x0000000082000000, 0x0000000100000000)
  region size 1024K, 21 young (21504K), 1 survivors (1024K)
 Metaspace       used 67724K, committed 68288K, reserved 1114112K
  class space    used 9518K, committed 9792K, reserved 1048576K
}
Event: 10.847 GC heap after
{Heap after GC invocations=27 (full 0):
 garbage-first heap   total 65536K, used 33489K [0x0000000082000000, 0x0000000100000000)
  region size 1024K, 3 young (3072K), 3 survivors (3072K)
 Metaspace       used 67724K, committed 68288K, reserved 1114112K
  class space    used 9518K, committed 9792K, reserved 1048576K
}

